Using pre-set license

 COMMAND LINE ARGUMENTS:
/Users/tsukatanikeina/Downloads/unity/2020.2.7f1/Unity.app/Contents/MacOS/Unity
-adb2
-batchMode
-noUpm
-name
AssetImportWorker1
-projectPath
/Users/tsukatanikeina/Documents/ForestSearch
-logFile
Logs/AssetImportWorker1.log
-srvPort
59552
Successfully changed project path to: /Users/tsukatanikeina/Documents/ForestSearch
/Users/tsukatanikeina/Documents/ForestSearch
Using Asset Import Pipeline V2.
Refreshing native plugins compatible for Editor in 44.61 ms, found 1 plugins.
Preloading 0 native plugins for Editor in 0.00 ms.
Initialize engine version: 2020.2.7f1 (c53830e277f1)
[Subsystems] Discovering subsystems at path /Users/tsukatanikeina/Downloads/unity/2020.2.7f1/Unity.app/Contents/Resources/UnitySubsystems
[Subsystems] Discovering subsystems at path /Users/tsukatanikeina/Documents/ForestSearch/Assets
GfxDevice: creating device client; threaded=0
2022-03-07 02:43:08.228 Unity[27353:1349029] Color LCD preferred device: Intel(R) Iris(TM) Plus Graphics 655 (low power)
2022-03-07 02:43:08.228 Unity[27353:1349029] Metal devices available: 1
2022-03-07 02:43:08.229 Unity[27353:1349029] 0: Intel(R) Iris(TM) Plus Graphics 655 (low power)
2022-03-07 02:43:08.229 Unity[27353:1349029] Using device Intel(R) Iris(TM) Plus Graphics 655 (low power)
Initializing Metal device caps: Intel(R) Iris(TM) Plus Graphics 655
Initialize mono
Mono path[0] = '/Users/tsukatanikeina/Downloads/unity/2020.2.7f1/Unity.app/Contents/Managed'
Mono path[1] = '/Users/tsukatanikeina/Downloads/unity/2020.2.7f1/Unity.app/Contents/MonoBleedingEdge/lib/mono/unityjit'
Mono config path = '/Users/tsukatanikeina/Downloads/unity/2020.2.7f1/Unity.app/Contents/MonoBleedingEdge/etc'
Using monoOptions --debugger-agent=transport=dt_socket,embedding=1,server=y,suspend=n,address=127.0.0.1:56353
Begin MonoManager ReloadAssembly
Registering precompiled unity dll's ...
Register platform support module: /Users/tsukatanikeina/Downloads/unity/2020.2.7f1/PlaybackEngines/WebGLSupport/UnityEditor.WebGL.Extensions.dll
Register platform support module: /Users/tsukatanikeina/Downloads/unity/2020.2.7f1/Unity.app/Contents/PlaybackEngines/MacStandaloneSupport/UnityEditor.OSXStandalone.Extensions.dll
Registered in 0.002599 seconds.
Native extension for OSXStandalone target not found
Native extension for WebGL target not found
Refreshing native plugins compatible for Editor in 29.51 ms, found 1 plugins.
Preloading 0 native plugins for Editor in 0.00 ms.
Invoked RoslynAnalysisRunner static constructor.
RoslynAnalysisRunner will not be running.
RoslynAnalysisRunner has terminated.
Mono: successfully reloaded assembly
- Completed reload, in  4.577 seconds
Platform modules already initialized, skipping
Registering precompiled user dll's ...
Registered in 0.001785 seconds.
Begin MonoManager ReloadAssembly
Native extension for OSXStandalone target not found
Native extension for WebGL target not found
Refreshing native plugins compatible for Editor in 0.28 ms, found 1 plugins.
Preloading 0 native plugins for Editor in 0.00 ms.
Invoked RoslynAnalysisRunner static constructor.
RoslynAnalysisRunner will not be running.
RoslynAnalysisRunner has terminated.
Mono: successfully reloaded assembly
- Completed reload, in  1.357 seconds
Platform modules already initialized, skipping
========================================================================
Worker process is ready to serve import requests
Launching external process: /Users/tsukatanikeina/Downloads/unity/2020.2.7f1/Unity.app/Contents/Tools/UnityShaderCompiler
Launched and connected shader compiler UnityShaderCompiler after 0.03 seconds
Refreshing native plugins compatible for Editor in 0.29 ms, found 1 plugins.
Preloading 0 native plugins for Editor in 0.00 ms.
Unloading 1130 Unused Serialized files (Serialized files now loaded: 0)
System memory in use before: 141.0 MB.
System memory in use after: 141.0 MB.

Unloading 10 unused Assets to reduce memory usage. Loaded Objects now: 1595.
Total: 2.028954 ms (FindLiveObjects: 0.180968 ms CreateObjectMapping: 0.040924 ms MarkObjects: 1.699495 ms  DeleteObjects: 0.106247 ms)

========================================================================
Received Import Request.
  path: Assets/TeddyBear1.3/scenes/data/idle1.controller
  artifactKey: Guid(26ff47c5542293a448b714389eabdbed) Importer(815301076,1909f56bfc062723c751e8b465ee728b)
Start importing Assets/TeddyBear1.3/scenes/data/idle1.controller using Guid(26ff47c5542293a448b714389eabdbed) Importer(815301076,1909f56bfc062723c751e8b465ee728b)  -> (artifact id: '8159339f5d9338f5e706f19ca005d757') in 1.508699 seconds
  Import took 1.511641 seconds .

========================================================================
Received Prepare
Registering precompiled user dll's ...
Registered in 0.001099 seconds.
Begin MonoManager ReloadAssembly
Native extension for OSXStandalone target not found
Native extension for WebGL target not found
Refreshing native plugins compatible for Editor in 0.42 ms, found 1 plugins.
Preloading 0 native plugins for Editor in 0.00 ms.
Invoked RoslynAnalysisRunner static constructor.
RoslynAnalysisRunner will not be running.
RoslynAnalysisRunner has terminated.
Mono: successfully reloaded assembly
- Completed reload, in  1.041 seconds
Platform modules already initialized, skipping
Refreshing native plugins compatible for Editor in 0.30 ms, found 1 plugins.
Preloading 0 native plugins for Editor in 0.00 ms.
Unloading 1124 Unused Serialized files (Serialized files now loaded: 0)
System memory in use before: 145.3 MB.
System memory in use after: 145.4 MB.

Unloading 5 unused Assets to reduce memory usage. Loaded Objects now: 1598.
Total: 1.805086 ms (FindLiveObjects: 0.150577 ms CreateObjectMapping: 0.035827 ms MarkObjects: 1.554456 ms  DeleteObjects: 0.062951 ms)

========================================================================
Received Prepare
Registering precompiled user dll's ...
Registered in 0.001608 seconds.
Begin MonoManager ReloadAssembly
Native extension for OSXStandalone target not found
Native extension for WebGL target not found
Refreshing native plugins compatible for Editor in 0.45 ms, found 1 plugins.
Preloading 0 native plugins for Editor in 0.00 ms.
Invoked RoslynAnalysisRunner static constructor.
RoslynAnalysisRunner will not be running.
RoslynAnalysisRunner has terminated.
Mono: successfully reloaded assembly
- Completed reload, in  1.252 seconds
Platform modules already initialized, skipping
Refreshing native plugins compatible for Editor in 0.28 ms, found 1 plugins.
Preloading 0 native plugins for Editor in 0.00 ms.
Unloading 1124 Unused Serialized files (Serialized files now loaded: 0)
System memory in use before: 145.7 MB.
System memory in use after: 145.7 MB.

Unloading 5 unused Assets to reduce memory usage. Loaded Objects now: 1601.
Total: 2.046301 ms (FindLiveObjects: 0.205564 ms CreateObjectMapping: 0.034277 ms MarkObjects: 1.714335 ms  DeleteObjects: 0.089202 ms)

========================================================================
Received Prepare
Registering precompiled user dll's ...
Registered in 0.001790 seconds.
Begin MonoManager ReloadAssembly
Native extension for OSXStandalone target not found
Native extension for WebGL target not found
Refreshing native plugins compatible for Editor in 0.46 ms, found 1 plugins.
Preloading 0 native plugins for Editor in 0.00 ms.
[ScriptCompilation] NOT recompiling all scripts because this is an import worker process. Reason to compile was: Define symbols changed
Invoked RoslynAnalysisRunner static constructor.
RoslynAnalysisRunner will not be running.
RoslynAnalysisRunner has terminated.
Mono: successfully reloaded assembly
- Completed reload, in  2.622 seconds
Platform modules already initialized, skipping
Refreshing native plugins compatible for Editor in 0.31 ms, found 1 plugins.
Preloading 0 native plugins for Editor in 0.00 ms.
Unloading 1244 Unused Serialized files (Serialized files now loaded: 0)
System memory in use before: 153.7 MB.
System memory in use after: 152.0 MB.

Unloading 32 unused Assets to reduce memory usage. Loaded Objects now: 1697.
Total: 2.946582 ms (FindLiveObjects: 0.214230 ms CreateObjectMapping: 0.043038 ms MarkObjects: 1.500031 ms  DeleteObjects: 1.187976 ms)

========================================================================
Received Prepare
Registering precompiled user dll's ...
Registered in 0.001284 seconds.
Begin MonoManager ReloadAssembly
Native extension for OSXStandalone target not found
Native extension for WebGL target not found
Refreshing native plugins compatible for Editor in 0.34 ms, found 1 plugins.
Preloading 0 native plugins for Editor in 0.00 ms.
[ScriptCompilation] NOT recompiling all scripts because this is an import worker process. Reason to compile was: Define symbols changed
Invoked RoslynAnalysisRunner static constructor.
RoslynAnalysisRunner will not be running.
RoslynAnalysisRunner has terminated.
Mono: successfully reloaded assembly
- Completed reload, in  1.407 seconds
Platform modules already initialized, skipping
Refreshing native plugins compatible for Editor in 0.30 ms, found 1 plugins.
Preloading 0 native plugins for Editor in 0.00 ms.
Unloading 1244 Unused Serialized files (Serialized files now loaded: 0)
System memory in use before: 153.9 MB.
System memory in use after: 152.3 MB.

Unloading 32 unused Assets to reduce memory usage. Loaded Objects now: 1700.
Total: 2.644403 ms (FindLiveObjects: 0.243090 ms CreateObjectMapping: 0.042554 ms MarkObjects: 1.540952 ms  DeleteObjects: 0.816409 ms)

========================================================================
Received Import Request.
  Time since last request: 657.320341 seconds.
  path: ProjectSettings/TagManager.asset
  artifactKey: Guid(00000000000000003000000000000000) Importer(815301076,1909f56bfc062723c751e8b465ee728b)
Start importing ProjectSettings/TagManager.asset using Guid(00000000000000003000000000000000) Importer(815301076,1909f56bfc062723c751e8b465ee728b)  -> (artifact id: '2eaa3349c9e40244e4dab48b70f5f6d6') in 0.644659 seconds
  Import took 0.653460 seconds .

========================================================================
Received Prepare
Registering precompiled user dll's ...
Registered in 0.001771 seconds.
Begin MonoManager ReloadAssembly
Native extension for OSXStandalone target not found
Native extension for WebGL target not found
Refreshing native plugins compatible for Editor in 0.58 ms, found 1 plugins.
Preloading 0 native plugins for Editor in 0.00 ms.
Invalid AssetDatabase path: /Editor/EditorResources/cm_logo_sm.png. Use path relative to the project folder.
UnityEngine.StackTraceUtility:ExtractStackTrace () (at /Users/bokken/buildslave/unity/build/Runtime/Export/Scripting/StackTrace.cs:37)
UnityEditor.AssetDatabase:LoadAssetAtPath<UnityEngine.Texture2D> (string) (at /Users/bokken/buildslave/unity/build/Modules/AssetDatabase/Editor/ScriptBindings/AssetDatabase.bindings.cs:220)
Cinemachine.Editor.CinemachineSettings:get_CinemachineLogoTexture () (at Library/PackageCache/com.unity.cinemachine@2.6.11/Editor/Windows/CinemachineSettings.cs:205)
Cinemachine.Editor.CinemachineSettings:.cctor () (at Library/PackageCache/com.unity.cinemachine@2.6.11/Editor/Windows/CinemachineSettings.cs:237)
Cinemachine.CinemachineColliderPrefs:.cctor () (at Library/PackageCache/com.unity.cinemachine@2.6.11/Editor/Windows/CinemachineColliderPrefs.cs:61)
System.Runtime.CompilerServices.RuntimeHelpers:RunClassConstructor (System.RuntimeTypeHandle)
UnityEditor.EditorAssemblies:ProcessInitializeOnLoadAttributes (System.Type[]) (at /Users/bokken/buildslave/unity/build/Editor/Mono/EditorAssemblies.cs:114)

[Library/PackageCache/com.unity.cinemachine@2.6.11/Editor/Windows/CinemachineSettings.cs line 205]

Invoked RoslynAnalysisRunner static constructor.
RoslynAnalysisRunner will not be running.
RoslynAnalysisRunner has terminated.
Mono: successfully reloaded assembly
- Completed reload, in  1.612 seconds
Platform modules already initialized, skipping
Refreshing native plugins compatible for Editor in 0.35 ms, found 1 plugins.
Preloading 0 native plugins for Editor in 0.00 ms.
Unloading 1391 Unused Serialized files (Serialized files now loaded: 0)
System memory in use before: 165.9 MB.
System memory in use after: 164.2 MB.

Unloading 34 unused Assets to reduce memory usage. Loaded Objects now: 1849.
Total: 3.188788 ms (FindLiveObjects: 0.812552 ms CreateObjectMapping: 0.072386 ms MarkObjects: 1.578981 ms  DeleteObjects: 0.723501 ms)

========================================================================
Received Prepare
Registering precompiled user dll's ...
Registered in 0.002069 seconds.
Begin MonoManager ReloadAssembly
Native extension for OSXStandalone target not found
Native extension for WebGL target not found
Refreshing native plugins compatible for Editor in 0.37 ms, found 1 plugins.
Preloading 0 native plugins for Editor in 0.00 ms.
Invoked RoslynAnalysisRunner static constructor.
RoslynAnalysisRunner will not be running.
RoslynAnalysisRunner has terminated.
Mono: successfully reloaded assembly
- Completed reload, in  1.856 seconds
Platform modules already initialized, skipping
Refreshing native plugins compatible for Editor in 0.38 ms, found 1 plugins.
Preloading 0 native plugins for Editor in 0.00 ms.
Unloading 1392 Unused Serialized files (Serialized files now loaded: 0)
System memory in use before: 166.5 MB.
System memory in use after: 164.8 MB.

Unloading 34 unused Assets to reduce memory usage. Loaded Objects now: 1853.
Total: 6.796398 ms (FindLiveObjects: 1.841112 ms CreateObjectMapping: 0.126814 ms MarkObjects: 4.032610 ms  DeleteObjects: 0.793389 ms)

========================================================================
Received Prepare
Registering precompiled user dll's ...
Registered in 0.000666 seconds.
Begin MonoManager ReloadAssembly
Native extension for OSXStandalone target not found
Native extension for WebGL target not found
Refreshing native plugins compatible for Editor in 0.63 ms, found 1 plugins.
Preloading 0 native plugins for Editor in 0.00 ms.
Invoked RoslynAnalysisRunner static constructor.
RoslynAnalysisRunner will not be running.
RoslynAnalysisRunner has terminated.
Mono: successfully reloaded assembly
- Completed reload, in  1.863 seconds
Platform modules already initialized, skipping
Refreshing native plugins compatible for Editor in 0.36 ms, found 1 plugins.
Preloading 0 native plugins for Editor in 0.00 ms.
Unloading 1391 Unused Serialized files (Serialized files now loaded: 0)
System memory in use before: 166.8 MB.
System memory in use after: 165.1 MB.

Unloading 34 unused Assets to reduce memory usage. Loaded Objects now: 1856.
Total: 3.726653 ms (FindLiveObjects: 0.303328 ms CreateObjectMapping: 0.117492 ms MarkObjects: 2.338965 ms  DeleteObjects: 0.965187 ms)

========================================================================
Received Prepare
Registering precompiled user dll's ...
Registered in 0.000975 seconds.
Begin MonoManager ReloadAssembly
Native extension for OSXStandalone target not found
Native extension for WebGL target not found
Refreshing native plugins compatible for Editor in 0.57 ms, found 1 plugins.
Preloading 0 native plugins for Editor in 0.00 ms.
Invoked RoslynAnalysisRunner static constructor.
RoslynAnalysisRunner will not be running.
RoslynAnalysisRunner has terminated.
Mono: successfully reloaded assembly
- Completed reload, in  1.567 seconds
Platform modules already initialized, skipping
Refreshing native plugins compatible for Editor in 0.34 ms, found 1 plugins.
Preloading 0 native plugins for Editor in 0.00 ms.
Unloading 1391 Unused Serialized files (Serialized files now loaded: 0)
System memory in use before: 166.9 MB.
System memory in use after: 165.2 MB.

Unloading 34 unused Assets to reduce memory usage. Loaded Objects now: 1859.
Total: 2.772028 ms (FindLiveObjects: 0.265640 ms CreateObjectMapping: 0.072271 ms MarkObjects: 1.689840 ms  DeleteObjects: 0.742946 ms)

========================================================================
Received Prepare
Registering precompiled user dll's ...
Registered in 0.002284 seconds.
Begin MonoManager ReloadAssembly
Native extension for OSXStandalone target not found
Native extension for WebGL target not found
Refreshing native plugins compatible for Editor in 0.60 ms, found 1 plugins.
Preloading 0 native plugins for Editor in 0.00 ms.
Invoked RoslynAnalysisRunner static constructor.
RoslynAnalysisRunner will not be running.
RoslynAnalysisRunner has terminated.
Mono: successfully reloaded assembly
- Completed reload, in  1.378 seconds
Platform modules already initialized, skipping
Refreshing native plugins compatible for Editor in 0.41 ms, found 1 plugins.
Preloading 0 native plugins for Editor in 0.00 ms.
Unloading 1391 Unused Serialized files (Serialized files now loaded: 0)
System memory in use before: 167.2 MB.
System memory in use after: 165.5 MB.

Unloading 34 unused Assets to reduce memory usage. Loaded Objects now: 1862.
Total: 2.846648 ms (FindLiveObjects: 0.326944 ms CreateObjectMapping: 0.046839 ms MarkObjects: 1.637074 ms  DeleteObjects: 0.826357 ms)

========================================================================
Received Prepare
Registering precompiled user dll's ...
Registered in 0.001783 seconds.
Begin MonoManager ReloadAssembly
Native extension for OSXStandalone target not found
Native extension for WebGL target not found
Refreshing native plugins compatible for Editor in 0.52 ms, found 1 plugins.
Preloading 0 native plugins for Editor in 0.00 ms.
Invoked RoslynAnalysisRunner static constructor.
RoslynAnalysisRunner will not be running.
RoslynAnalysisRunner has terminated.
Mono: successfully reloaded assembly
- Completed reload, in  1.147 seconds
Platform modules already initialized, skipping
Refreshing native plugins compatible for Editor in 0.33 ms, found 1 plugins.
Preloading 0 native plugins for Editor in 0.00 ms.
Unloading 1391 Unused Serialized files (Serialized files now loaded: 0)
System memory in use before: 167.5 MB.
System memory in use after: 165.8 MB.

Unloading 34 unused Assets to reduce memory usage. Loaded Objects now: 1865.
Total: 3.348804 ms (FindLiveObjects: 0.243187 ms CreateObjectMapping: 0.087572 ms MarkObjects: 2.254688 ms  DeleteObjects: 0.761350 ms)

========================================================================
Received Prepare
Registering precompiled user dll's ...
Registered in 0.001718 seconds.
Begin MonoManager ReloadAssembly
Native extension for OSXStandalone target not found
Native extension for WebGL target not found
Refreshing native plugins compatible for Editor in 0.65 ms, found 1 plugins.
Preloading 0 native plugins for Editor in 0.00 ms.
Invoked RoslynAnalysisRunner static constructor.
RoslynAnalysisRunner will not be running.
RoslynAnalysisRunner has terminated.
Mono: successfully reloaded assembly
- Completed reload, in  1.209 seconds
Platform modules already initialized, skipping
Refreshing native plugins compatible for Editor in 0.39 ms, found 1 plugins.
Preloading 0 native plugins for Editor in 0.00 ms.
Unloading 1391 Unused Serialized files (Serialized files now loaded: 0)
System memory in use before: 167.8 MB.
System memory in use after: 166.1 MB.

Unloading 34 unused Assets to reduce memory usage. Loaded Objects now: 1868.
Total: 2.795738 ms (FindLiveObjects: 0.313954 ms CreateObjectMapping: 0.054238 ms MarkObjects: 1.703908 ms  DeleteObjects: 0.722500 ms)

========================================================================
Received Prepare
Registering precompiled user dll's ...
Registered in 0.001475 seconds.
Begin MonoManager ReloadAssembly
Native extension for OSXStandalone target not found
Native extension for WebGL target not found
Refreshing native plugins compatible for Editor in 0.36 ms, found 1 plugins.
Preloading 0 native plugins for Editor in 0.00 ms.
Invoked RoslynAnalysisRunner static constructor.
RoslynAnalysisRunner will not be running.
RoslynAnalysisRunner has terminated.
Mono: successfully reloaded assembly
- Completed reload, in  1.412 seconds
Platform modules already initialized, skipping
Refreshing native plugins compatible for Editor in 0.37 ms, found 1 plugins.
Preloading 0 native plugins for Editor in 0.00 ms.
Unloading 1391 Unused Serialized files (Serialized files now loaded: 0)
System memory in use before: 168.1 MB.
System memory in use after: 166.4 MB.

Unloading 34 unused Assets to reduce memory usage. Loaded Objects now: 1871.
Total: 3.794076 ms (FindLiveObjects: 0.329922 ms CreateObjectMapping: 0.085309 ms MarkObjects: 2.334120 ms  DeleteObjects: 1.042279 ms)

========================================================================
Received Prepare
Registering precompiled user dll's ...
Registered in 0.001440 seconds.
Begin MonoManager ReloadAssembly
Native extension for OSXStandalone target not found
Native extension for WebGL target not found
Refreshing native plugins compatible for Editor in 0.55 ms, found 1 plugins.
Preloading 0 native plugins for Editor in 0.00 ms.
Invoked RoslynAnalysisRunner static constructor.
RoslynAnalysisRunner will not be running.
RoslynAnalysisRunner has terminated.
Mono: successfully reloaded assembly
- Completed reload, in  1.266 seconds
Platform modules already initialized, skipping
Refreshing native plugins compatible for Editor in 0.42 ms, found 1 plugins.
Preloading 0 native plugins for Editor in 0.00 ms.
Unloading 1391 Unused Serialized files (Serialized files now loaded: 0)
System memory in use before: 168.4 MB.
System memory in use after: 166.7 MB.

Unloading 34 unused Assets to reduce memory usage. Loaded Objects now: 1874.
Total: 3.093846 ms (FindLiveObjects: 0.270755 ms CreateObjectMapping: 0.060573 ms MarkObjects: 1.800605 ms  DeleteObjects: 0.960331 ms)

========================================================================
Received Prepare
Registering precompiled user dll's ...
Registered in 0.001781 seconds.
Begin MonoManager ReloadAssembly
Native extension for OSXStandalone target not found
Native extension for WebGL target not found
Refreshing native plugins compatible for Editor in 0.38 ms, found 1 plugins.
Preloading 0 native plugins for Editor in 0.00 ms.
Invoked RoslynAnalysisRunner static constructor.
RoslynAnalysisRunner will not be running.
RoslynAnalysisRunner has terminated.
Mono: successfully reloaded assembly
- Completed reload, in  1.382 seconds
Platform modules already initialized, skipping
Refreshing native plugins compatible for Editor in 0.34 ms, found 1 plugins.
Preloading 0 native plugins for Editor in 0.00 ms.
Unloading 1391 Unused Serialized files (Serialized files now loaded: 0)
System memory in use before: 168.7 MB.
System memory in use after: 167.0 MB.

Unloading 34 unused Assets to reduce memory usage. Loaded Objects now: 1877.
Total: 2.897710 ms (FindLiveObjects: 0.254890 ms CreateObjectMapping: 0.053148 ms MarkObjects: 1.858870 ms  DeleteObjects: 0.728536 ms)

========================================================================
Received Import Request.
  Time since last request: 1880.852565 seconds.
  path: Assets/Script/GameCameraView.cs
  artifactKey: Guid(a86891f62943948f0bbac5c14b8bb486) Importer(815301076,1909f56bfc062723c751e8b465ee728b)
Start importing Assets/Script/GameCameraView.cs using Guid(a86891f62943948f0bbac5c14b8bb486) Importer(815301076,1909f56bfc062723c751e8b465ee728b)  -> (artifact id: '3bc08b7465d8bf19e679778ec4aa61ac') in 0.636380 seconds
  Import took 0.640634 seconds .

========================================================================
Received Prepare
Registering precompiled user dll's ...
Registered in 0.000598 seconds.
Begin MonoManager ReloadAssembly
Native extension for OSXStandalone target not found
Native extension for WebGL target not found
Refreshing native plugins compatible for Editor in 1.83 ms, found 1 plugins.
Preloading 0 native plugins for Editor in 0.00 ms.
Invoked RoslynAnalysisRunner static constructor.
RoslynAnalysisRunner will not be running.
RoslynAnalysisRunner has terminated.
Mono: successfully reloaded assembly
- Completed reload, in  2.736 seconds
Platform modules already initialized, skipping
Refreshing native plugins compatible for Editor in 0.35 ms, found 1 plugins.
Preloading 0 native plugins for Editor in 0.00 ms.
Unloading 1392 Unused Serialized files (Serialized files now loaded: 0)
System memory in use before: 173.2 MB.
System memory in use after: 171.5 MB.

Unloading 34 unused Assets to reduce memory usage. Loaded Objects now: 1881.
Total: 7.346196 ms (FindLiveObjects: 0.331555 ms CreateObjectMapping: 0.143702 ms MarkObjects: 5.384509 ms  DeleteObjects: 1.484688 ms)

========================================================================
Received Prepare
Registering precompiled user dll's ...
Registered in 0.000638 seconds.
Begin MonoManager ReloadAssembly
Native extension for OSXStandalone target not found
Native extension for WebGL target not found
Refreshing native plugins compatible for Editor in 0.69 ms, found 1 plugins.
Preloading 0 native plugins for Editor in 0.00 ms.
Invoked RoslynAnalysisRunner static constructor.
RoslynAnalysisRunner will not be running.
RoslynAnalysisRunner has terminated.
Mono: successfully reloaded assembly
- Completed reload, in  2.305 seconds
Platform modules already initialized, skipping
Refreshing native plugins compatible for Editor in 0.34 ms, found 1 plugins.
Preloading 0 native plugins for Editor in 0.00 ms.
Unloading 1392 Unused Serialized files (Serialized files now loaded: 0)
System memory in use before: 173.5 MB.
System memory in use after: 171.8 MB.

Unloading 34 unused Assets to reduce memory usage. Loaded Objects now: 1884.
Total: 6.108169 ms (FindLiveObjects: 0.818006 ms CreateObjectMapping: 0.080002 ms MarkObjects: 4.378889 ms  DeleteObjects: 0.829480 ms)

========================================================================
Received Import Request.
  Time since last request: 164.645054 seconds.
  path: Assets/Script/GameCameraView.cs
  artifactKey: Guid(a86891f62943948f0bbac5c14b8bb486) Importer(815301076,1909f56bfc062723c751e8b465ee728b)
Start importing Assets/Script/GameCameraView.cs using Guid(a86891f62943948f0bbac5c14b8bb486) Importer(815301076,1909f56bfc062723c751e8b465ee728b)  -> (artifact id: 'e0e72838bfbf4642d3d478d007a1ee48') in 0.026701 seconds
  Import took 0.029600 seconds .

========================================================================
Received Import Request.
  Time since last request: 497.302171 seconds.
  path: Assets/Script/StartModel.cs
  artifactKey: Guid(a899db1e498314eaf8cf2ef3a9647842) Importer(815301076,1909f56bfc062723c751e8b465ee728b)
Start importing Assets/Script/StartModel.cs using Guid(a899db1e498314eaf8cf2ef3a9647842) Importer(815301076,1909f56bfc062723c751e8b465ee728b)  -> (artifact id: 'fe963027e1a02fda582586088d735eaa') in 0.040547 seconds
  Import took 0.217151 seconds .

========================================================================
Received Import Request.
  Time since last request: 1.006687 seconds.
  path: Assets/Script/StartPresenter.cs
  artifactKey: Guid(800566b548a04433091320525d0fa6d3) Importer(815301076,1909f56bfc062723c751e8b465ee728b)
Start importing Assets/Script/StartPresenter.cs using Guid(800566b548a04433091320525d0fa6d3) Importer(815301076,1909f56bfc062723c751e8b465ee728b)  -> (artifact id: 'ba500d935e8c22c1b65c19af0c4088d5') in 0.011622 seconds
  Import took 0.018268 seconds .

========================================================================
Received Import Request.
  Time since last request: 0.003196 seconds.
  path: Assets/Script/StartPresenter.cs
  artifactKey: Guid(800566b548a04433091320525d0fa6d3) Importer(815301076,1909f56bfc062723c751e8b465ee728b)
Start importing Assets/Script/StartPresenter.cs using Guid(800566b548a04433091320525d0fa6d3) Importer(815301076,1909f56bfc062723c751e8b465ee728b)  -> (artifact id: 'ba500d935e8c22c1b65c19af0c4088d5') in 0.004466 seconds
  Import took 0.011677 seconds .

========================================================================
Received Prepare
Registering precompiled user dll's ...
Registered in 0.000591 seconds.
Begin MonoManager ReloadAssembly
Native extension for OSXStandalone target not found
Native extension for WebGL target not found
Refreshing native plugins compatible for Editor in 1.39 ms, found 1 plugins.
Preloading 0 native plugins for Editor in 0.00 ms.
Invoked RoslynAnalysisRunner static constructor.
RoslynAnalysisRunner will not be running.
RoslynAnalysisRunner has terminated.
Mono: successfully reloaded assembly
- Completed reload, in  1.620 seconds
Platform modules already initialized, skipping
Refreshing native plugins compatible for Editor in 0.37 ms, found 1 plugins.
Preloading 0 native plugins for Editor in 0.00 ms.
Unloading 1392 Unused Serialized files (Serialized files now loaded: 0)
System memory in use before: 173.8 MB.
System memory in use after: 172.1 MB.

Unloading 34 unused Assets to reduce memory usage. Loaded Objects now: 1887.
Total: 6.148180 ms (FindLiveObjects: 1.073178 ms CreateObjectMapping: 0.088528 ms MarkObjects: 3.897724 ms  DeleteObjects: 1.087252 ms)

========================================================================
Received Prepare
Registering precompiled user dll's ...
Registered in 0.001254 seconds.
Begin MonoManager ReloadAssembly
Native extension for OSXStandalone target not found
Native extension for WebGL target not found
Refreshing native plugins compatible for Editor in 0.34 ms, found 1 plugins.
Preloading 0 native plugins for Editor in 0.00 ms.
Invoked RoslynAnalysisRunner static constructor.
RoslynAnalysisRunner will not be running.
RoslynAnalysisRunner has terminated.
Mono: successfully reloaded assembly
- Completed reload, in  1.324 seconds
Platform modules already initialized, skipping
Refreshing native plugins compatible for Editor in 0.38 ms, found 1 plugins.
Preloading 0 native plugins for Editor in 0.00 ms.
Unloading 1392 Unused Serialized files (Serialized files now loaded: 0)
System memory in use before: 174.1 MB.
System memory in use after: 172.4 MB.

Unloading 34 unused Assets to reduce memory usage. Loaded Objects now: 1890.
Total: 3.014966 ms (FindLiveObjects: 0.380287 ms CreateObjectMapping: 0.108139 ms MarkObjects: 1.823926 ms  DeleteObjects: 0.699930 ms)

========================================================================
Received Prepare
Registering precompiled user dll's ...
Registered in 0.001307 seconds.
Begin MonoManager ReloadAssembly
Native extension for OSXStandalone target not found
Native extension for WebGL target not found
Refreshing native plugins compatible for Editor in 0.49 ms, found 1 plugins.
Preloading 0 native plugins for Editor in 0.00 ms.
Invoked RoslynAnalysisRunner static constructor.
RoslynAnalysisRunner will not be running.
RoslynAnalysisRunner has terminated.
Mono: successfully reloaded assembly
- Completed reload, in  1.455 seconds
Platform modules already initialized, skipping
Refreshing native plugins compatible for Editor in 0.35 ms, found 1 plugins.
Preloading 0 native plugins for Editor in 0.00 ms.
Unloading 1392 Unused Serialized files (Serialized files now loaded: 0)
System memory in use before: 174.4 MB.
System memory in use after: 172.7 MB.

Unloading 34 unused Assets to reduce memory usage. Loaded Objects now: 1893.
Total: 3.034700 ms (FindLiveObjects: 0.410485 ms CreateObjectMapping: 0.079619 ms MarkObjects: 1.670599 ms  DeleteObjects: 0.871899 ms)

========================================================================
Received Prepare
Registering precompiled user dll's ...
Registered in 0.001712 seconds.
Begin MonoManager ReloadAssembly
Native extension for OSXStandalone target not found
Native extension for WebGL target not found
Refreshing native plugins compatible for Editor in 0.35 ms, found 1 plugins.
Preloading 0 native plugins for Editor in 0.00 ms.
Invoked RoslynAnalysisRunner static constructor.
RoslynAnalysisRunner will not be running.
RoslynAnalysisRunner has terminated.
Mono: successfully reloaded assembly
- Completed reload, in  1.204 seconds
Platform modules already initialized, skipping
Refreshing native plugins compatible for Editor in 0.34 ms, found 1 plugins.
Preloading 0 native plugins for Editor in 0.00 ms.
Unloading 1392 Unused Serialized files (Serialized files now loaded: 0)
System memory in use before: 174.7 MB.
System memory in use after: 173.0 MB.

Unloading 34 unused Assets to reduce memory usage. Loaded Objects now: 1896.
Total: 2.624101 ms (FindLiveObjects: 0.223108 ms CreateObjectMapping: 0.052583 ms MarkObjects: 1.523502 ms  DeleteObjects: 0.793728 ms)

========================================================================
Received Prepare
Registering precompiled user dll's ...
Registered in 0.000863 seconds.
Begin MonoManager ReloadAssembly
Native extension for OSXStandalone target not found
Native extension for WebGL target not found
Refreshing native plugins compatible for Editor in 0.35 ms, found 1 plugins.
Preloading 0 native plugins for Editor in 0.00 ms.
Invoked RoslynAnalysisRunner static constructor.
RoslynAnalysisRunner will not be running.
RoslynAnalysisRunner has terminated.
Mono: successfully reloaded assembly
- Completed reload, in  1.089 seconds
Platform modules already initialized, skipping
Refreshing native plugins compatible for Editor in 0.34 ms, found 1 plugins.
Preloading 0 native plugins for Editor in 0.00 ms.
Unloading 1392 Unused Serialized files (Serialized files now loaded: 0)
System memory in use before: 174.9 MB.
System memory in use after: 173.3 MB.

Unloading 34 unused Assets to reduce memory usage. Loaded Objects now: 1899.
Total: 2.922131 ms (FindLiveObjects: 0.221461 ms CreateObjectMapping: 0.050302 ms MarkObjects: 1.745827 ms  DeleteObjects: 0.903121 ms)

========================================================================
Received Prepare
Registering precompiled user dll's ...
Registered in 0.001279 seconds.
Begin MonoManager ReloadAssembly
Native extension for OSXStandalone target not found
Native extension for WebGL target not found
Refreshing native plugins compatible for Editor in 0.87 ms, found 1 plugins.
Preloading 0 native plugins for Editor in 0.00 ms.
Invoked RoslynAnalysisRunner static constructor.
RoslynAnalysisRunner will not be running.
RoslynAnalysisRunner has terminated.
Mono: successfully reloaded assembly
- Completed reload, in  1.330 seconds
Platform modules already initialized, skipping
Refreshing native plugins compatible for Editor in 0.34 ms, found 1 plugins.
Preloading 0 native plugins for Editor in 0.00 ms.
Unloading 1392 Unused Serialized files (Serialized files now loaded: 0)
System memory in use before: 175.2 MB.
System memory in use after: 173.5 MB.

Unloading 34 unused Assets to reduce memory usage. Loaded Objects now: 1902.
Total: 3.153972 ms (FindLiveObjects: 0.204309 ms CreateObjectMapping: 0.045577 ms MarkObjects: 2.079247 ms  DeleteObjects: 0.823345 ms)

========================================================================
Received Prepare
Registering precompiled user dll's ...
Registered in 0.000521 seconds.
Begin MonoManager ReloadAssembly
Native extension for OSXStandalone target not found
Native extension for WebGL target not found
Refreshing native plugins compatible for Editor in 0.39 ms, found 1 plugins.
Preloading 0 native plugins for Editor in 0.00 ms.
Invoked RoslynAnalysisRunner static constructor.
RoslynAnalysisRunner will not be running.
RoslynAnalysisRunner has terminated.
Mono: successfully reloaded assembly
- Completed reload, in  1.363 seconds
Platform modules already initialized, skipping
Refreshing native plugins compatible for Editor in 0.54 ms, found 1 plugins.
Preloading 0 native plugins for Editor in 0.00 ms.
Unloading 1392 Unused Serialized files (Serialized files now loaded: 0)
System memory in use before: 175.5 MB.
System memory in use after: 173.8 MB.

Unloading 34 unused Assets to reduce memory usage. Loaded Objects now: 1905.
Total: 3.286086 ms (FindLiveObjects: 0.351680 ms CreateObjectMapping: 0.075910 ms MarkObjects: 2.015357 ms  DeleteObjects: 0.840623 ms)

========================================================================
Received Prepare
Registering precompiled user dll's ...
Registered in 0.001491 seconds.
Begin MonoManager ReloadAssembly
Native extension for OSXStandalone target not found
Native extension for WebGL target not found
Refreshing native plugins compatible for Editor in 0.36 ms, found 1 plugins.
Preloading 0 native plugins for Editor in 0.00 ms.
Invoked RoslynAnalysisRunner static constructor.
RoslynAnalysisRunner will not be running.
RoslynAnalysisRunner has terminated.
Mono: successfully reloaded assembly
- Completed reload, in  1.263 seconds
Platform modules already initialized, skipping
Refreshing native plugins compatible for Editor in 0.35 ms, found 1 plugins.
Preloading 0 native plugins for Editor in 0.00 ms.
Unloading 1392 Unused Serialized files (Serialized files now loaded: 0)
System memory in use before: 175.8 MB.
System memory in use after: 174.1 MB.

Unloading 34 unused Assets to reduce memory usage. Loaded Objects now: 1908.
Total: 2.548902 ms (FindLiveObjects: 0.183028 ms CreateObjectMapping: 0.044510 ms MarkObjects: 1.555373 ms  DeleteObjects: 0.765107 ms)

========================================================================
Received Prepare
Registering precompiled user dll's ...
Registered in 0.000574 seconds.
Begin MonoManager ReloadAssembly
Native extension for OSXStandalone target not found
Native extension for WebGL target not found
Refreshing native plugins compatible for Editor in 0.47 ms, found 1 plugins.
Preloading 0 native plugins for Editor in 0.00 ms.
Invoked RoslynAnalysisRunner static constructor.
RoslynAnalysisRunner will not be running.
RoslynAnalysisRunner has terminated.
Mono: successfully reloaded assembly
- Completed reload, in  1.390 seconds
Platform modules already initialized, skipping
Refreshing native plugins compatible for Editor in 0.50 ms, found 1 plugins.
Preloading 0 native plugins for Editor in 0.00 ms.
Unloading 1392 Unused Serialized files (Serialized files now loaded: 0)
System memory in use before: 176.1 MB.
System memory in use after: 174.4 MB.

Unloading 34 unused Assets to reduce memory usage. Loaded Objects now: 1911.
Total: 3.847332 ms (FindLiveObjects: 0.424862 ms CreateObjectMapping: 0.104786 ms MarkObjects: 2.391817 ms  DeleteObjects: 0.923449 ms)

========================================================================
Received Import Request.
  Time since last request: 508.079996 seconds.
  path: Assets/Scenes/Stage1.unity
  artifactKey: Guid(fd3e720087a7a4f87b854ce33e7cc6f0) Importer(815301076,1909f56bfc062723c751e8b465ee728b)
Start importing Assets/Scenes/Stage1.unity using Guid(fd3e720087a7a4f87b854ce33e7cc6f0) Importer(815301076,1909f56bfc062723c751e8b465ee728b)  -> (artifact id: 'de5056eb22b6efd903d1f98f2df91e03') in 0.028741 seconds
  Import took 0.035714 seconds .

========================================================================
Received Import Request.
  Time since last request: 5.059556 seconds.
  path: Assets/Scenes/Stage1_Profiles
  artifactKey: Guid(c6bfd1d1973d649e39bd787997c83f92) Importer(815301076,1909f56bfc062723c751e8b465ee728b)
Start importing Assets/Scenes/Stage1_Profiles using Guid(c6bfd1d1973d649e39bd787997c83f92) Importer(815301076,1909f56bfc062723c751e8b465ee728b)  -> (artifact id: '752a8a87f698429bb973811c749fb213') in 0.002645 seconds
  Import took 0.005995 seconds .

========================================================================
Received Import Request.
  Time since last request: 0.000329 seconds.
  path: Assets/Scenes/Stage1_Profiles
  artifactKey: Guid(c6bfd1d1973d649e39bd787997c83f92) Importer(815301076,1909f56bfc062723c751e8b465ee728b)
Start importing Assets/Scenes/Stage1_Profiles using Guid(c6bfd1d1973d649e39bd787997c83f92) Importer(815301076,1909f56bfc062723c751e8b465ee728b)  -> (artifact id: '752a8a87f698429bb973811c749fb213') in 0.002195 seconds
  Import took 0.008036 seconds .

========================================================================
Received Import Request.
  Time since last request: 790.388488 seconds.
  path: Assets/Scenes/Start.unity
  artifactKey: Guid(f41dbd0bcb44d4c5d80b905765ab156c) Importer(815301076,1909f56bfc062723c751e8b465ee728b)
Start importing Assets/Scenes/Start.unity using Guid(f41dbd0bcb44d4c5d80b905765ab156c) Importer(815301076,1909f56bfc062723c751e8b465ee728b)  -> (artifact id: 'bc933a304d84bc5b961c014bf3cee996') in 0.143295 seconds
  Import took 0.391296 seconds .

========================================================================
Received Import Request.
  Time since last request: 184.295685 seconds.
  path: Assets/アーカイブ.zip
  artifactKey: Guid(8277c29935a5d4f958f6759d3513873a) Importer(815301076,1909f56bfc062723c751e8b465ee728b)
Start importing Assets/アーカイブ.zip using Guid(8277c29935a5d4f958f6759d3513873a) Importer(815301076,1909f56bfc062723c751e8b465ee728b)  -> (artifact id: 'f5036ffb1b953d3db0d7a77d13a84e5a') in 2.524972 seconds
  Import took 2.604014 seconds .

========================================================================
Received Import Request.
  Time since last request: 8.972575 seconds.
  path: Assets/karakaze_font
  artifactKey: Guid(bcdc7ee8672844d1cadc23b17494b90b) Importer(815301076,1909f56bfc062723c751e8b465ee728b)
Start importing Assets/karakaze_font using Guid(bcdc7ee8672844d1cadc23b17494b90b) Importer(815301076,1909f56bfc062723c751e8b465ee728b)  -> (artifact id: 'f510d67b1d342e86174db9123d986c74') in 0.004982 seconds
  Import took 0.022972 seconds .

========================================================================
Received Import Request.
  Time since last request: 0.000351 seconds.
  path: Assets/karakaze_font
  artifactKey: Guid(bcdc7ee8672844d1cadc23b17494b90b) Importer(815301076,1909f56bfc062723c751e8b465ee728b)
Start importing Assets/karakaze_font using Guid(bcdc7ee8672844d1cadc23b17494b90b) Importer(815301076,1909f56bfc062723c751e8b465ee728b)  -> (artifact id: 'f510d67b1d342e86174db9123d986c74') in 0.006990 seconds
  Import took 0.011879 seconds .

========================================================================
Received Import Request.
  Time since last request: 2.457031 seconds.
  path: Assets/sample.unity
  artifactKey: Guid(78a18159a0595476b85492217de94f82) Importer(815301076,1909f56bfc062723c751e8b465ee728b)
Start importing Assets/sample.unity using Guid(78a18159a0595476b85492217de94f82) Importer(815301076,1909f56bfc062723c751e8b465ee728b)  -> (artifact id: '8177946ad2ddb8121eb9e38fa1523351') in 0.012444 seconds
  Import took 0.016856 seconds .

========================================================================
Received Import Request.
  Time since last request: 31.627740 seconds.
  path: Assets/Material
  artifactKey: Guid(ccb0139bb8130477db167b8048506692) Importer(815301076,1909f56bfc062723c751e8b465ee728b)
Start importing Assets/Material using Guid(ccb0139bb8130477db167b8048506692) Importer(815301076,1909f56bfc062723c751e8b465ee728b)  -> (artifact id: '33d9f6daa55bd440812218f66ff77ddd') in 0.011481 seconds
  Import took 0.018610 seconds .

========================================================================
Received Import Request.
  Time since last request: 88.775151 seconds.
  path: Assets/Bark_PBR_Textures
  artifactKey: Guid(ca271a85034674097b1f27ecfeb4b321) Importer(815301076,1909f56bfc062723c751e8b465ee728b)
Start importing Assets/Bark_PBR_Textures using Guid(ca271a85034674097b1f27ecfeb4b321) Importer(815301076,1909f56bfc062723c751e8b465ee728b)  -> (artifact id: '37c961ad0f4f729a4409c7364b9355cc') in 0.008868 seconds
  Import took 0.041461 seconds .

========================================================================
Received Prepare
Registering precompiled user dll's ...
Registered in 0.000698 seconds.
Begin MonoManager ReloadAssembly
Native extension for OSXStandalone target not found
Native extension for WebGL target not found
Refreshing native plugins compatible for Editor in 0.35 ms, found 1 plugins.
Preloading 0 native plugins for Editor in 0.00 ms.
Invoked RoslynAnalysisRunner static constructor.
RoslynAnalysisRunner will not be running.
RoslynAnalysisRunner has terminated.
Mono: successfully reloaded assembly
- Completed reload, in  1.583 seconds
Platform modules already initialized, skipping
Refreshing native plugins compatible for Editor in 0.33 ms, found 1 plugins.
Preloading 0 native plugins for Editor in 0.00 ms.
Unloading 1392 Unused Serialized files (Serialized files now loaded: 0)
System memory in use before: 180.8 MB.
System memory in use after: 179.1 MB.

Unloading 34 unused Assets to reduce memory usage. Loaded Objects now: 1914.
Total: 5.512819 ms (FindLiveObjects: 1.403678 ms CreateObjectMapping: 0.097033 ms MarkObjects: 2.224143 ms  DeleteObjects: 1.786460 ms)

========================================================================
Received Prepare
Registering precompiled user dll's ...
Registered in 0.001360 seconds.
Begin MonoManager ReloadAssembly
Native extension for OSXStandalone target not found
Native extension for WebGL target not found
Refreshing native plugins compatible for Editor in 0.45 ms, found 1 plugins.
Preloading 0 native plugins for Editor in 0.00 ms.
Invoked RoslynAnalysisRunner static constructor.
RoslynAnalysisRunner will not be running.
RoslynAnalysisRunner has terminated.
Mono: successfully reloaded assembly
- Completed reload, in  1.350 seconds
Platform modules already initialized, skipping
Refreshing native plugins compatible for Editor in 0.34 ms, found 1 plugins.
Preloading 0 native plugins for Editor in 0.00 ms.
Unloading 1392 Unused Serialized files (Serialized files now loaded: 0)
System memory in use before: 181.1 MB.
System memory in use after: 179.4 MB.

Unloading 34 unused Assets to reduce memory usage. Loaded Objects now: 1917.
Total: 2.796528 ms (FindLiveObjects: 0.271389 ms CreateObjectMapping: 0.070871 ms MarkObjects: 1.687586 ms  DeleteObjects: 0.765538 ms)

========================================================================
Received Prepare
Registering precompiled user dll's ...
Registered in 0.000700 seconds.
Begin MonoManager ReloadAssembly
Native extension for OSXStandalone target not found
Native extension for WebGL target not found
Refreshing native plugins compatible for Editor in 0.34 ms, found 1 plugins.
Preloading 0 native plugins for Editor in 0.00 ms.
Invoked RoslynAnalysisRunner static constructor.
RoslynAnalysisRunner will not be running.
RoslynAnalysisRunner has terminated.
Mono: successfully reloaded assembly
- Completed reload, in  1.078 seconds
Platform modules already initialized, skipping
Refreshing native plugins compatible for Editor in 0.32 ms, found 1 plugins.
Preloading 0 native plugins for Editor in 0.00 ms.
Unloading 1392 Unused Serialized files (Serialized files now loaded: 0)
System memory in use before: 181.4 MB.
System memory in use after: 179.7 MB.

Unloading 34 unused Assets to reduce memory usage. Loaded Objects now: 1920.
Total: 2.482999 ms (FindLiveObjects: 0.238608 ms CreateObjectMapping: 0.039592 ms MarkObjects: 1.475402 ms  DeleteObjects: 0.728440 ms)

========================================================================
Received Prepare
Registering precompiled user dll's ...
Registered in 0.001627 seconds.
Begin MonoManager ReloadAssembly
Native extension for OSXStandalone target not found
Native extension for WebGL target not found
Refreshing native plugins compatible for Editor in 0.33 ms, found 1 plugins.
Preloading 0 native plugins for Editor in 0.00 ms.
Invoked RoslynAnalysisRunner static constructor.
RoslynAnalysisRunner will not be running.
RoslynAnalysisRunner has terminated.
Mono: successfully reloaded assembly
- Completed reload, in  1.347 seconds
Platform modules already initialized, skipping
Refreshing native plugins compatible for Editor in 0.32 ms, found 1 plugins.
Preloading 0 native plugins for Editor in 0.00 ms.
Unloading 1392 Unused Serialized files (Serialized files now loaded: 0)
System memory in use before: 181.7 MB.
System memory in use after: 180.0 MB.

Unloading 34 unused Assets to reduce memory usage. Loaded Objects now: 1923.
Total: 6.096911 ms (FindLiveObjects: 1.749961 ms CreateObjectMapping: 0.089237 ms MarkObjects: 2.618549 ms  DeleteObjects: 1.637923 ms)

========================================================================
Received Import Request.
  Time since last request: 442.416923 seconds.
  path: Assets/Scenes/Stage1.unity
  artifactKey: Guid(fd3e720087a7a4f87b854ce33e7cc6f0) Importer(815301076,1909f56bfc062723c751e8b465ee728b)
Start importing Assets/Scenes/Stage1.unity using Guid(fd3e720087a7a4f87b854ce33e7cc6f0) Importer(815301076,1909f56bfc062723c751e8b465ee728b)  -> (artifact id: '9aa8ed49ca33d810587fe939bb777f64') in 0.013558 seconds
  Import took 0.018395 seconds .

========================================================================
Received Import Request.
  Time since last request: 0.000247 seconds.
  path: Assets/Scenes/StageSelect.unity
  artifactKey: Guid(7ec1899cc69604d48947eba5069550d3) Importer(815301076,1909f56bfc062723c751e8b465ee728b)
Start importing Assets/Scenes/StageSelect.unity using Guid(7ec1899cc69604d48947eba5069550d3) Importer(815301076,1909f56bfc062723c751e8b465ee728b)  -> (artifact id: '258430027f2ad5bb2fbbd051ecdc4787') in 0.001307 seconds
  Import took 0.004228 seconds .

